This is pdfTeX, Version 3.14159265-2.6-1.40.16 (MiKTeX 2.9 64-bit) (preloaded format=pdflatex 2016.2.16)  1 AUG 2016 10:04
entering extended mode
**./Gompertz_Gen.tex
(Gompertz_Gen.tex
LaTeX2e <2015/10/01> patch level 2
Babel <3.9n> and hyphenation patterns for 69 languages loaded.
("C:\Program Files\MiKTeX 2.9\tex\latex\base\article.cls"
Document Class: article 2014/09/29 v1.4h Standard LaTeX document class
("C:\Program Files\MiKTeX 2.9\tex\latex\base\size12.clo"
File: size12.clo 2014/09/29 v1.4h Standard LaTeX file (size option)
)
\c@part=\count79
\c@section=\count80
\c@subsection=\count81
\c@subsubsection=\count82
\c@paragraph=\count83
\c@subparagraph=\count84
\c@figure=\count85
\c@table=\count86
\abovecaptionskip=\skip41
\belowcaptionskip=\skip42
\bibindent=\dimen102
)
("C:\Program Files\MiKTeX 2.9\tex\latex\amsfonts\amsfonts.sty"
Package: amsfonts 2013/01/14 v3.01 Basic AMSFonts support
\@emptytoks=\toks14
\symAMSa=\mathgroup4
\symAMSb=\mathgroup5
LaTeX Font Info:    Overwriting math alphabet `\mathfrak' in version `bold'
(Font)                  U/euf/m/n --> U/euf/b/n on input line 106.
)
No file Gompertz_Gen.aux.
\openout1 = `Gompertz_Gen.aux'.

LaTeX Font Info:    Checking defaults for OML/cmm/m/it on input line 3.
LaTeX Font Info:    ... okay on input line 3.
LaTeX Font Info:    Checking defaults for T1/cmr/m/n on input line 3.
LaTeX Font Info:    ... okay on input line 3.
LaTeX Font Info:    Checking defaults for OT1/cmr/m/n on input line 3.
LaTeX Font Info:    ... okay on input line 3.
LaTeX Font Info:    Checking defaults for OMS/cmsy/m/n on input line 3.
LaTeX Font Info:    ... okay on input line 3.
LaTeX Font Info:    Checking defaults for OMX/cmex/m/n on input line 3.
LaTeX Font Info:    ... okay on input line 3.
LaTeX Font Info:    Checking defaults for U/cmr/m/n on input line 3.
LaTeX Font Info:    ... okay on input line 3.
LaTeX Font Info:    Try loading font information for U+msa on input line 6.
("C:\Program Files\MiKTeX 2.9\tex\latex\amsfonts\umsa.fd"
File: umsa.fd 2013/01/14 v3.01 AMS symbols A
)
LaTeX Font Info:    Try loading font information for U+msb on input line 6.

("C:\Program Files\MiKTeX 2.9\tex\latex\amsfonts\umsb.fd"
File: umsb.fd 2013/01/14 v3.01 AMS symbols B
)
Underfull \hbox (badness 10000) in paragraph at lines 7--7

 []


Overfull \hbox (378.53738pt too wide) detected at line 15
\OML/cmm/m/it/12 f\OT1/cmr/m/n/12 (\OML/cmm/m/it/12 x\OT1/cmr/m/n/12 ) = [] [] 
 [] [][] \OML/cmm/m/it/12 < x < [] [][]
 []


Underfull \hbox (badness 10000) in paragraph at lines 15--15

 []


Overfull \hbox (394.2873pt too wide) detected at line 23
\OML/cmm/m/it/12 f\OT1/cmr/m/n/12 (\OML/cmm/m/it/12 x\OT1/cmr/m/n/12 ) = [] [] 
 [] [][] \OML/cmm/m/it/12 < x < [] [][]
 []


Underfull \hbox (badness 10000) in paragraph at lines 23--23

 []


Overfull \hbox (398.371pt too wide) detected at line 31
\OML/cmm/m/it/12 f\OT1/cmr/m/n/12 (\OML/cmm/m/it/12 x\OT1/cmr/m/n/12 ) = [] [] 
 [] [][] \OML/cmm/m/it/12 < x < [] [][]
 []


Underfull \hbox (badness 10000) in paragraph at lines 31--31

 []


Overfull \hbox (495.61914pt too wide) detected at line 40
\OML/cmm/m/it/12 f\OT1/cmr/m/n/12 (\OML/cmm/m/it/12 x\OT1/cmr/m/n/12 ) = [] [] 
 [] [][] \OML/cmm/m/it/12 < x < [] [][]
 []


Underfull \hbox (badness 10000) in paragraph at lines 40--40

 []


Overfull \hbox (375.77693pt too wide) detected at line 48
\OML/cmm/m/it/12 f\OT1/cmr/m/n/12 (\OML/cmm/m/it/12 x\OT1/cmr/m/n/12 ) = [] [] 
 [] [][] \OML/cmm/m/it/12 < x < [] [][]
 []


Underfull \hbox (badness 10000) in paragraph at lines 48--48

 []


Overfull \hbox (427.07819pt too wide) detected at line 57
\OML/cmm/m/it/12 f\OT1/cmr/m/n/12 (\OML/cmm/m/it/12 x\OT1/cmr/m/n/12 ) = [] [] 
 [] [][] \OML/cmm/m/it/12 < x < [] [][]
 []

[1

{C:/Users/Nate/AppData/Local/MiKTeX/2.9/pdftex/config/pdftex.map}]
Underfull \hbox (badness 10000) in paragraph at lines 57--57

 []


Overfull \hbox (395.61055pt too wide) detected at line 65
\OML/cmm/m/it/12 f\OT1/cmr/m/n/12 (\OML/cmm/m/it/12 x\OT1/cmr/m/n/12 ) = [] [] 
 [] [][] \OML/cmm/m/it/12 < x < [] [][]
 []


Underfull \hbox (badness 10000) in paragraph at lines 65--65

 []


Overfull \hbox (461.07817pt too wide) detected at line 74
\OML/cmm/m/it/12 f\OT1/cmr/m/n/12 (\OML/cmm/m/it/12 x\OT1/cmr/m/n/12 ) = [] [] 
 [] [][] \OML/cmm/m/it/12 < x < [] [][]
 []


Underfull \hbox (badness 10000) in paragraph at lines 74--74

 []


Overfull \hbox (488.11914pt too wide) detected at line 83
\OML/cmm/m/it/12 f\OT1/cmr/m/n/12 (\OML/cmm/m/it/12 x\OT1/cmr/m/n/12 ) = [] [] 
 [] [][] \OML/cmm/m/it/12 < x < [] [][]
 []


Underfull \hbox (badness 10000) in paragraph at lines 83--83

 []


Overfull \hbox (549.61932pt too wide) detected at line 94
\OML/cmm/m/it/12 f\OT1/cmr/m/n/12 (\OML/cmm/m/it/12 x\OT1/cmr/m/n/12 ) = [] [] 
 [] [][] \OML/cmm/m/it/12 < x < [] [][]
 []


Underfull \hbox (badness 10000) in paragraph at lines 94--94

 []


Overfull \hbox (468.20276pt too wide) detected at line 103
\OML/cmm/m/it/12 f\OT1/cmr/m/n/12 (\OML/cmm/m/it/12 x\OT1/cmr/m/n/12 ) = [] [] 
 [] [][] \OML/cmm/m/it/12 < x < [] [][]
 []


Underfull \hbox (badness 10000) in paragraph at lines 103--103

 []

[2]
Overfull \hbox (460.56534pt too wide) detected at line 112
\OML/cmm/m/it/12 f\OT1/cmr/m/n/12 (\OML/cmm/m/it/12 x\OT1/cmr/m/n/12 ) = [] [] 
 [] [][] \OML/cmm/m/it/12 < x < [] [][]
 []


Underfull \hbox (badness 10000) in paragraph at lines 112--112

 []


Overfull \hbox (507.56485pt too wide) detected at line 121
\OML/cmm/m/it/12 f\OT1/cmr/m/n/12 (\OML/cmm/m/it/12 x\OT1/cmr/m/n/12 ) = [] [] 
 [] [][] \OML/cmm/m/it/12 < x < [] [][]
 []


Underfull \hbox (badness 10000) in paragraph at lines 121--121

 []


Overfull \hbox (522.58545pt too wide) detected at line 130
\OML/cmm/m/it/12 f\OT1/cmr/m/n/12 (\OML/cmm/m/it/12 x\OT1/cmr/m/n/12 ) = [] [] 
 [] [][] \OML/cmm/m/it/12 < x < [] [][]
 []


Underfull \hbox (badness 10000) in paragraph at lines 130--130

 []


Overfull \hbox (569.58496pt too wide) detected at line 139
\OML/cmm/m/it/12 f\OT1/cmr/m/n/12 (\OML/cmm/m/it/12 x\OT1/cmr/m/n/12 ) = [] [] 
 [] [][] \OML/cmm/m/it/12 < x < [] [][]
 []


Underfull \hbox (badness 10000) in paragraph at lines 139--139

 []


Overfull \hbox (590.7439pt too wide) detected at line 150
\OML/cmm/m/it/12 f\OT1/cmr/m/n/12 (\OML/cmm/m/it/12 x\OT1/cmr/m/n/12 ) = [] [] 
 [] [][] \OML/cmm/m/it/12 < x < [] [][]
 []


Underfull \hbox (badness 10000) in paragraph at lines 150--150

 []


Overfull \hbox (583.10648pt too wide) detected at line 161
\OML/cmm/m/it/12 f\OT1/cmr/m/n/12 (\OML/cmm/m/it/12 x\OT1/cmr/m/n/12 ) = [] [] 
 [] [][] \OML/cmm/m/it/12 < x < [] [][]
 []


Underfull \hbox (badness 10000) in paragraph at lines 161--161

 []

[3]
Overfull \hbox (630.10599pt too wide) detected at line 172
\OML/cmm/m/it/12 f\OT1/cmr/m/n/12 (\OML/cmm/m/it/12 x\OT1/cmr/m/n/12 ) = [] [] 
 [] [][] \OML/cmm/m/it/12 < x < [] [][]
 []


Underfull \hbox (badness 10000) in paragraph at lines 172--172

 []


Overfull \hbox (584.08563pt too wide) detected at line 183
\OML/cmm/m/it/12 f\OT1/cmr/m/n/12 (\OML/cmm/m/it/12 x\OT1/cmr/m/n/12 ) = [] [] 
 [] [][] \OML/cmm/m/it/12 < x < [] [][]
 []


Underfull \hbox (badness 10000) in paragraph at lines 183--183

 []


Overfull \hbox (507.87036pt too wide) detected at line 192
\OML/cmm/m/it/12 f\OT1/cmr/m/n/12 (\OML/cmm/m/it/12 x\OT1/cmr/m/n/12 ) = [] [] 
 [] [][] \OML/cmm/m/it/12 < x < [] [][]
 []


Underfull \hbox (badness 10000) in paragraph at lines 192--192

 []


Overfull \hbox (501.2121pt too wide) detected at line 201
\OML/cmm/m/it/12 f\OT1/cmr/m/n/12 (\OML/cmm/m/it/12 x\OT1/cmr/m/n/12 ) = [] [] 
 [] [][] \OML/cmm/m/it/12 < x < [] [][]
 []


Underfull \hbox (badness 10000) in paragraph at lines 201--201

 []


Overfull \hbox (548.21161pt too wide) detected at line 210
\OML/cmm/m/it/12 f\OT1/cmr/m/n/12 (\OML/cmm/m/it/12 x\OT1/cmr/m/n/12 ) = [] [] 
 [] [][] \OML/cmm/m/it/12 < x < [] [][]
 []

[4] (Gompertz_Gen.aux) ) 
Here is how much of TeX's memory you used:
 312 strings out of 493634
 3583 string characters out of 3143747
 60604 words of memory out of 3000000
 3757 multiletter control sequences out of 15000+200000
 9333 words of font info for 35 fonts, out of 3000000 for 9000
 1025 hyphenation exceptions out of 8191
 22i,5n,24p,196b,115s stack positions out of 5000i,500n,10000p,200000b,50000s
<C:/Program Files/MiKTeX 2.9/fonts/type1/public/amsfont
s/cm/cmex10.pfb><C:/Program Files/MiKTeX 2.9/fonts/type1/public/amsfonts/cm/cmm
i12.pfb><C:/Program Files/MiKTeX 2.9/fonts/type1/public/amsfonts/cm/cmmi8.pfb><
C:/Program Files/MiKTeX 2.9/fonts/type1/public/amsfonts/cm/cmr12.pfb><C:/Progra
m Files/MiKTeX 2.9/fonts/type1/public/amsfonts/cm/cmr8.pfb><C:/Program Files/Mi
KTeX 2.9/fonts/type1/public/amsfonts/cm/cmsy10.pfb><C:/Program Files/MiKTeX 2.9
/fonts/type1/public/amsfonts/cm/cmsy8.pfb><C:/Program Files/MiKTeX 2.9/fonts/ty
pe1/public/amsfonts/cm/cmti12.pfb>
Output written on Gompertz_Gen.pdf (4 pages, 77439 bytes).
PDF statistics:
 47 PDF objects out of 1000 (max. 8388607)
 0 named destinations out of 1000 (max. 500000)
 1 words of extra memory for PDF output out of 10000 (max. 10000000)

